[2024-10-17 04:16:20] Submenu page accessed
[2024-10-17 04:17:27] Submenu page accessed
[2024-10-17 04:18:01] Submenu page accessed
[2024-10-17 04:18:09] Submenu page accessed
[2024-10-17 04:18:09] Form submission started
[2024-10-17 04:18:09] Option 'pbd_rank_type' not found in POST data
[2024-10-17 04:18:09] Option 'pbd_points_type' not found in POST data
[2024-10-17 04:18:09] Option 'pbd_coins_type' not found in POST data
[2024-10-17 04:18:09] Option 'pbd_redeem_page' updated to: 58
[2024-10-17 04:18:09] Option 'pbd_progress_bar' updated to: 1
[2024-10-17 04:18:09] Form submission completed
[2024-10-17 05:41:12] Submenu page accessed
[2024-10-17 05:41:18] Submenu page accessed
[2024-10-17 05:41:18] Form submission started
[2024-10-17 05:41:18] Option 'pbd_rank_type' updated to: levels
[2024-10-17 05:41:18] Option 'pbd_points_type' updated to: coins
[2024-10-17 05:41:18] Option 'pbd_coins_type' not found in POST data
[2024-10-17 05:41:18] Option 'pbd_redeem_page' updated to: 58
[2024-10-17 05:41:18] Option 'pbd_progress_bar' updated to: 1
[2024-10-17 05:41:18] Form submission completed
[2024-10-17 05:41:34] Submenu page accessed
[2024-10-17 05:41:38] Submenu page accessed
[2024-10-17 05:41:38] Form submission started
[2024-10-17 05:41:38] Option 'pbd_rank_type' updated to: levels
[2024-10-17 05:41:38] Option 'pbd_points_type' updated to: points
[2024-10-17 05:41:38] Option 'pbd_coins_type' updated to: coins
[2024-10-17 05:41:38] Option 'pbd_redeem_page' updated to: 58
[2024-10-17 05:41:38] Option 'pbd_progress_bar' updated to: 1
[2024-10-17 05:41:38] Form submission completed
[2024-10-17 05:41:41] Current coins value is empty
[2024-10-17 05:41:45] Current coins value is empty
[2024-10-17 05:49:25] Current coins value is empty
[2024-10-17 05:49:28] Submenu page accessed
[2024-10-17 05:49:31] Submenu page accessed
[2024-10-17 05:49:31] Form submission started
[2024-10-17 05:49:31] Option 'pbd_rank_type' updated to: 
[2024-10-17 05:49:31] Option 'pbd_points_type' updated to: points
[2024-10-17 05:49:31] Option 'pbd_coins_type' updated to: coins
[2024-10-17 05:49:31] Option 'pbd_redeem_page' updated to: 58
[2024-10-17 05:49:31] Option 'pbd_progress_bar' updated to: 1
[2024-10-17 05:49:31] Form submission completed
[2024-10-17 05:49:36] Submenu page accessed
[2024-10-17 05:49:36] Form submission started
[2024-10-17 05:49:36] Option 'pbd_rank_type' updated to: 
[2024-10-17 05:49:36] Option 'pbd_points_type' updated to: 
[2024-10-17 05:49:36] Option 'pbd_coins_type' updated to: 
[2024-10-17 05:49:36] Option 'pbd_redeem_page' updated to: 
[2024-10-17 05:49:36] Option 'pbd_progress_bar' updated to: 1
[2024-10-17 05:49:36] Form submission completed
[2024-10-17 05:49:37] Submenu page accessed
[2024-10-17 05:49:39] Redeem screen URL is empty
[2024-10-17 05:49:39] Current coins value is empty
[2024-10-17 05:49:39] Redeem screen URL is empty
[2024-10-17 05:49:39] Current coins value is empty
[2024-10-17 05:49:45] Submenu page accessed
[2024-10-17 05:49:45] Form submission started
[2024-10-17 05:49:45] Option 'pbd_rank_type' updated to: 
[2024-10-17 05:49:45] Option 'pbd_points_type' updated to: 
[2024-10-17 05:49:45] Option 'pbd_coins_type' updated to: 
[2024-10-17 05:49:45] Option 'pbd_redeem_page' updated to: 
[2024-10-17 05:49:45] Option 'pbd_progress_bar' updated to: 0
[2024-10-17 05:49:45] Form submission completed
[2024-10-17 05:49:51] Submenu page accessed
[2024-10-17 05:49:51] Form submission started
[2024-10-17 05:49:51] Option 'pbd_rank_type' updated to: 
[2024-10-17 05:49:51] Option 'pbd_points_type' updated to: points
[2024-10-17 05:49:51] Option 'pbd_coins_type' updated to: 
[2024-10-17 05:49:51] Option 'pbd_redeem_page' updated to: 
[2024-10-17 05:49:51] Option 'pbd_progress_bar' updated to: 0
[2024-10-17 05:49:51] Form submission completed
[2024-10-17 05:49:58] Submenu page accessed
[2024-10-17 05:49:58] Form submission started
[2024-10-17 05:49:58] Option 'pbd_rank_type' updated to: 
[2024-10-17 05:49:58] Option 'pbd_points_type' updated to: 
[2024-10-17 05:49:58] Option 'pbd_coins_type' updated to: coins
[2024-10-17 05:49:58] Option 'pbd_redeem_page' updated to: 
[2024-10-17 05:49:58] Option 'pbd_progress_bar' updated to: 0
[2024-10-17 05:49:58] Form submission completed
[2024-10-17 05:51:43] Submenu page accessed
